<?xml version="1.0" encoding="UTF-8"?>
<!-- Generated by org.testng.reporters.JUnitReportReporter -->
<testsuite hostname="ArunMotoori" failures="0" tests="5" name="tests.Login" time="34.234" errors="0" timestamp="2025-01-26T20:42:52 IST" skipped="0">
  <testcase classname="tests.Login" name="verifyLoggingIntoApplicationUsingValidCredentials" time="6.175"/>
  <testcase classname="tests.Login" name="verifyLoggingIntoApplicationUsingValidCredentials" time="6.067"/>
  <testcase classname="tests.Login" name="verifyLoggingIntoApplicationUsingValidCredentials" time="9.308"/>
  <testcase classname="tests.Login" name="verifyLoggingIntoApplicationUsingValidCredentials" time="6.312"/>
  <testcase classname="tests.Login" name="verifyLoggingIntoApplicationUsingValidCredentials" time="6.372"/>
</testsuite> <!-- tests.Login -->
