<?xml version="1.0" encoding="UTF-8"?>
<!-- Generated by org.testng.reporters.JUnitReportReporter -->
<testsuite hostname="ArunMotoori" failures="0" tests="3" name="tests.Search" time="13.745" errors="0" timestamp="2025-02-01T19:49:49 IST" skipped="0">
  <testcase classname="tests.Search" name="verifySearchingWithExistingProduct" time="5.226"/>
  <testcase classname="tests.Search" name="verifySearchingWithNonExistingProductName" time="4.518"/>
  <testcase classname="tests.Search" name="verifySearchingWithoutProvidingProductName" time="4.001"/>
</testsuite> <!-- tests.Search -->
