<?xml version="1.0" encoding="UTF-8"?>
<!-- Generated by org.testng.reporters.JUnitReportReporter -->
<testsuite hostname="ArunMotoori" failures="0" tests="3" name="tests.Search" time="13.145" errors="0" timestamp="2025-01-25T21:00:07 IST" skipped="0">
  <testcase classname="tests.Search" name="verifySearchingWithExistingProduct" time="4.508"/>
  <testcase classname="tests.Search" name="verifySearchingWithNonExistingProductName" time="4.588"/>
  <testcase classname="tests.Search" name="verifySearchingWithoutProvidingProductName" time="4.049"/>
</testsuite> <!-- tests.Search -->
