<?xml version="1.0" encoding="UTF-8"?>
<!-- Generated by org.testng.reporters.JUnitReportReporter -->
<testsuite hostname="ArunMotoori" failures="0" tests="3" name="tests.Search" time="13.259" errors="0" timestamp="2025-01-26T19:29:45 IST" skipped="0">
  <testcase classname="tests.Search" name="verifySearchingWithExistingProduct" time="3.397"/>
  <testcase classname="tests.Search" name="verifySearchingWithNonExistingProductName" time="4.225"/>
  <testcase classname="tests.Search" name="verifySearchingWithoutProvidingProductName" time="5.637"/>
</testsuite> <!-- tests.Search -->
