<?xml version="1.0" encoding="UTF-8"?>
<!-- Generated by org.testng.reporters.JUnitReportReporter -->
<testsuite hostname="ArunMotoori" failures="0" tests="5" name="tests.Login" time="26.175" errors="0" timestamp="2025-01-25T21:00:07 IST" skipped="0">
  <testcase classname="tests.Login" name="verifyLoggingIntoApplicationUsingValidCredentials" time="5.791"/>
  <testcase classname="tests.Login" name="verifyLoggingIntoApplicationUsingInvalidCredentials" time="4.996"/>
  <testcase classname="tests.Login" name="verifyLoggingIntoApplicationUsingInvalidEmailAndValidPassword" time="5.390"/>
  <testcase classname="tests.Login" name="verifyLoggingIntoApplicationUsingValidEmailAndValidPassword" time="5.550"/>
  <testcase classname="tests.Login" name="verifyLoggingIntoApplicationWithoutEnteringCredentials" time="4.448"/>
</testsuite> <!-- tests.Login -->
