<?xml version="1.0" encoding="UTF-8"?>
<!-- Generated by org.testng.reporters.JUnitReportReporter -->
<testsuite hostname="ArunMotoori" failures="0" tests="5" name="tests.Login" time="26.481" errors="0" timestamp="2025-01-19T20:09:07 IST" skipped="0">
  <testcase classname="tests.Login" name="verifyLoggingIntoApplicationUsingValidCredentials" time="5.546"/>
  <testcase classname="tests.Login" name="verifyLoggingIntoApplicationUsingInvalidCredentials" time="5.114"/>
  <testcase classname="tests.Login" name="verifyLoggingIntoApplicationUsingInvalidEmailAndValidPassword" time="5.451"/>
  <testcase classname="tests.Login" name="verifyLoggingIntoApplicationUsingValidEmailAndValidPassword" time="5.502"/>
  <testcase classname="tests.Login" name="verifyLoggingIntoApplicationWithoutEnteringCredentials" time="4.868"/>
</testsuite> <!-- tests.Login -->
