<?xml version="1.0" encoding="UTF-8"?>
<!-- Generated by org.testng.reporters.JUnitReportReporter -->
<testsuite hostname="ArunMotoori" failures="0" tests="5" name="tests.Register" time="34.816" errors="0" timestamp="2025-01-19T20:09:07 IST" skipped="0">
  <testcase classname="tests.Register" name="verifyRegisteringUsingMandatoryFields" time="7.124"/>
  <testcase classname="tests.Register" name="verifyRegisteringAccountUsingAllFields" time="7.297"/>
  <testcase classname="tests.Register" name="verifyRegisteringAccountBySelectingYesNewsletterOption" time="8.254"/>
  <testcase classname="tests.Register" name="verifyRegisteringAccountBySelectingNoNewsletterOption" time="7.836"/>
  <testcase classname="tests.Register" name="verifyPrivacyPolicySelectionStatusInRegisterAccountPage" time="4.305"/>
</testsuite> <!-- tests.Register -->
