<?xml version="1.0" encoding="UTF-8"?>
<!-- Generated by org.testng.reporters.JUnitReportReporter -->
<testsuite hostname="ArunMotoori" failures="0" tests="1" name="tests.Register" time="8.535" errors="0" timestamp="2025-01-25T21:03:06 IST" skipped="0">
  <testcase classname="tests.Register" name="verifyRegisteringAccountUsingAllFields" time="8.535"/>
</testsuite> <!-- tests.Register -->
