<?xml version="1.0" encoding="UTF-8"?>
<!-- Generated by org.testng.reporters.JUnitReportReporter -->
<testsuite hostname="ArunMotoori" failures="0" tests="5" name="tests.Register" time="44.417" errors="0" timestamp="2025-02-01T19:49:49 IST" skipped="0">
  <testcase classname="tests.Register" name="verifyRegisteringUsingMandatoryFields" time="8.846"/>
  <testcase classname="tests.Register" name="verifyRegisteringAccountUsingAllFields" time="10.223"/>
  <testcase classname="tests.Register" name="verifyRegisteringAccountBySelectingYesNewsletterOption" time="10.205"/>
  <testcase classname="tests.Register" name="verifyRegisteringAccountBySelectingNoNewsletterOption" time="10.261"/>
  <testcase classname="tests.Register" name="verifyPrivacyPolicySelectionStatusInRegisterAccountPage" time="4.882"/>
</testsuite> <!-- tests.Register -->
