<?xml version="1.0" encoding="UTF-8"?>
<!-- Generated by org.testng.reporters.JUnitReportReporter -->
<testsuite hostname="ArunMotoori" failures="0" tests="5" name="tests.Register" time="46.265" errors="0" timestamp="2025-01-26T19:29:45 IST" skipped="0">
  <testcase classname="tests.Register" name="verifyRegisteringUsingMandatoryFields" time="8.427"/>
  <testcase classname="tests.Register" name="verifyRegisteringAccountUsingAllFields" time="10.414"/>
  <testcase classname="tests.Register" name="verifyRegisteringAccountBySelectingYesNewsletterOption" time="12.417"/>
  <testcase classname="tests.Register" name="verifyRegisteringAccountBySelectingNoNewsletterOption" time="9.925"/>
  <testcase classname="tests.Register" name="verifyPrivacyPolicySelectionStatusInRegisterAccountPage" time="5.082"/>
</testsuite> <!-- tests.Register -->
