<?xml version="1.0" encoding="UTF-8"?>
<!-- Generated by org.testng.reporters.JUnitReportReporter -->
<testsuite hostname="ArunMotoori" failures="0" tests="5" name="tests.RegisterTest" time="43.670" errors="0" timestamp="2025-02-01T20:54:09 IST" skipped="0">
  <testcase classname="tests.RegisterTest" name="verifyRegisteringUsingMandatoryFields" time="9.005"/>
  <testcase classname="tests.RegisterTest" name="verifyRegisteringAccountUsingAllFields" time="8.916"/>
  <testcase classname="tests.RegisterTest" name="verifyRegisteringAccountBySelectingYesNewsletterOption" time="10.628"/>
  <testcase classname="tests.RegisterTest" name="verifyRegisteringAccountBySelectingNoNewsletterOption" time="10.101"/>
  <testcase classname="tests.RegisterTest" name="verifyPrivacyPolicySelectionStatusInRegisterAccountPage" time="5.020"/>
</testsuite> <!-- tests.RegisterTest -->
