<?xml version="1.0" encoding="UTF-8"?>
<!-- Generated by org.testng.reporters.JUnitReportReporter -->
<testsuite hostname="ArunMotoori" failures="0" tests="3" name="tests.SearchTest" time="18.946" errors="0" timestamp="2025-02-01T20:54:09 IST" skipped="0">
  <testcase classname="tests.SearchTest" name="verifySearchingWithExistingProduct" time="4.792"/>
  <testcase classname="tests.SearchTest" name="verifySearchingWithNonExistingProductName" time="9.975"/>
  <testcase classname="tests.SearchTest" name="verifySearchingWithoutProvidingProductName" time="4.179"/>
</testsuite> <!-- tests.SearchTest -->
